<?xml version="1.0" encoding="UTF-8"?>
<testsuite xmlns:xsi="http://www.w3.org/2001/XMLSchema-instance" xsi:noNamespaceSchemaLocation="https://maven.apache.org/surefire/maven-surefire-plugin/xsd/surefire-test-report-3.0.xsd" version="3.0" name="com.example.AppTest" time="0.01" tests="1" errors="0" skipped="0" failures="0">
  <properties>
    <property name="java.specification.version" value="17"/>
    <property name="sun.jnu.encoding" value="UTF-8"/>
    <property name="java.class.path" value="/Users/rohitkaushik/dev/tugraz/java-lucene-search-api/search-api/target/test-classes:/Users/rohitkaushik/dev/tugraz/java-lucene-search-api/search-api/target/classes:/Users/rohitkaushik/.m2/repository/io/javalin/javalin/5.5.0/javalin-5.5.0.jar:/Users/rohitkaushik/.m2/repository/org/slf4j/slf4j-api/2.0.7/slf4j-api-2.0.7.jar:/Users/rohitkaushik/.m2/repository/org/eclipse/jetty/jetty-server/11.0.15/jetty-server-11.0.15.jar:/Users/rohitkaushik/.m2/repository/org/eclipse/jetty/toolchain/jetty-jakarta-servlet-api/5.0.2/jetty-jakarta-servlet-api-5.0.2.jar:/Users/rohitkaushik/.m2/repository/org/eclipse/jetty/jetty-http/11.0.15/jetty-http-11.0.15.jar:/Users/rohitkaushik/.m2/repository/org/eclipse/jetty/jetty-io/11.0.15/jetty-io-11.0.15.jar:/Users/rohitkaushik/.m2/repository/org/eclipse/jetty/jetty-webapp/11.0.15/jetty-webapp-11.0.15.jar:/Users/rohitkaushik/.m2/repository/org/eclipse/jetty/jetty-xml/11.0.15/jetty-xml-11.0.15.jar:/Users/rohitkaushik/.m2/repository/org/eclipse/jetty/websocket/websocket-jetty-server/11.0.15/websocket-jetty-server-11.0.15.jar:/Users/rohitkaushik/.m2/repository/org/eclipse/jetty/websocket/websocket-jetty-common/11.0.15/websocket-jetty-common-11.0.15.jar:/Users/rohitkaushik/.m2/repository/org/eclipse/jetty/websocket/websocket-core-common/11.0.15/websocket-core-common-11.0.15.jar:/Users/rohitkaushik/.m2/repository/org/eclipse/jetty/websocket/websocket-servlet/11.0.15/websocket-servlet-11.0.15.jar:/Users/rohitkaushik/.m2/repository/org/eclipse/jetty/websocket/websocket-core-server/11.0.15/websocket-core-server-11.0.15.jar:/Users/rohitkaushik/.m2/repository/org/eclipse/jetty/jetty-annotations/11.0.15/jetty-annotations-11.0.15.jar:/Users/rohitkaushik/.m2/repository/org/eclipse/jetty/jetty-plus/11.0.15/jetty-plus-11.0.15.jar:/Users/rohitkaushik/.m2/repository/jakarta/transaction/jakarta.transaction-api/2.0.0/jakarta.transaction-api-2.0.0.jar:/Users/rohitkaushik/.m2/repository/org/eclipse/jetty/jetty-jndi/11.0.15/jetty-jndi-11.0.15.jar:/Users/rohitkaushik/.m2/repository/jakarta/annotation/jakarta.annotation-api/2.1.1/jakarta.annotation-api-2.1.1.jar:/Users/rohitkaushik/.m2/repository/org/ow2/asm/asm/9.5/asm-9.5.jar:/Users/rohitkaushik/.m2/repository/org/ow2/asm/asm-commons/9.5/asm-commons-9.5.jar:/Users/rohitkaushik/.m2/repository/org/ow2/asm/asm-tree/9.5/asm-tree-9.5.jar:/Users/rohitkaushik/.m2/repository/org/eclipse/jetty/websocket/websocket-jetty-api/11.0.15/websocket-jetty-api-11.0.15.jar:/Users/rohitkaushik/.m2/repository/org/jetbrains/kotlin/kotlin-stdlib-jdk8/1.8.21/kotlin-stdlib-jdk8-1.8.21.jar:/Users/rohitkaushik/.m2/repository/org/jetbrains/kotlin/kotlin-stdlib/1.8.21/kotlin-stdlib-1.8.21.jar:/Users/rohitkaushik/.m2/repository/org/jetbrains/kotlin/kotlin-stdlib-common/1.8.21/kotlin-stdlib-common-1.8.21.jar:/Users/rohitkaushik/.m2/repository/org/jetbrains/annotations/13.0/annotations-13.0.jar:/Users/rohitkaushik/.m2/repository/org/jetbrains/kotlin/kotlin-stdlib-jdk7/1.8.21/kotlin-stdlib-jdk7-1.8.21.jar:/Users/rohitkaushik/.m2/repository/org/apache/parquet/parquet-hadoop/1.12.3/parquet-hadoop-1.12.3.jar:/Users/rohitkaushik/.m2/repository/org/apache/parquet/parquet-column/1.12.3/parquet-column-1.12.3.jar:/Users/rohitkaushik/.m2/repository/org/apache/parquet/parquet-encoding/1.12.3/parquet-encoding-1.12.3.jar:/Users/rohitkaushik/.m2/repository/org/apache/parquet/parquet-format-structures/1.12.3/parquet-format-structures-1.12.3.jar:/Users/rohitkaushik/.m2/repository/org/apache/parquet/parquet-common/1.12.3/parquet-common-1.12.3.jar:/Users/rohitkaushik/.m2/repository/org/apache/parquet/parquet-jackson/1.12.3/parquet-jackson-1.12.3.jar:/Users/rohitkaushik/.m2/repository/org/xerial/snappy/snappy-java/1.1.8.3/snappy-java-1.1.8.3.jar:/Users/rohitkaushik/.m2/repository/commons-pool/commons-pool/1.6/commons-pool-1.6.jar:/Users/rohitkaushik/.m2/repository/com/github/luben/zstd-jni/1.5.0-1/zstd-jni-1.5.0-1.jar:/Users/rohitkaushik/.m2/repository/org/apache/yetus/audience-annotations/0.13.0/audience-annotations-0.13.0.jar:/Users/rohitkaushik/.m2/repository/org/apache/lucene/lucene-core/9.5.0/lucene-core-9.5.0.jar:/Users/rohitkaushik/.m2/repository/org/apache/lucene/lucene-luke/9.5.0/lucene-luke-9.5.0.jar:/Users/rohitkaushik/.m2/repository/org/apache/lucene/lucene-codecs/9.5.0/lucene-codecs-9.5.0.jar:/Users/rohitkaushik/.m2/repository/org/apache/lucene/lucene-backward-codecs/9.5.0/lucene-backward-codecs-9.5.0.jar:/Users/rohitkaushik/.m2/repository/org/apache/lucene/lucene-analysis-common/9.5.0/lucene-analysis-common-9.5.0.jar:/Users/rohitkaushik/.m2/repository/org/apache/lucene/lucene-queries/9.5.0/lucene-queries-9.5.0.jar:/Users/rohitkaushik/.m2/repository/org/apache/lucene/lucene-misc/9.5.0/lucene-misc-9.5.0.jar:/Users/rohitkaushik/.m2/repository/org/apache/lucene/lucene-highlighter/9.5.0/lucene-highlighter-9.5.0.jar:/Users/rohitkaushik/.m2/repository/org/apache/lucene/lucene-memory/9.5.0/lucene-memory-9.5.0.jar:/Users/rohitkaushik/.m2/repository/org/apache/lucene/lucene-analysis-icu/9.5.0/lucene-analysis-icu-9.5.0.jar:/Users/rohitkaushik/.m2/repository/com/ibm/icu/icu4j/70.1/icu4j-70.1.jar:/Users/rohitkaushik/.m2/repository/org/apache/lucene/lucene-analysis-kuromoji/9.5.0/lucene-analysis-kuromoji-9.5.0.jar:/Users/rohitkaushik/.m2/repository/org/apache/lucene/lucene-analysis-morfologik/9.5.0/lucene-analysis-morfologik-9.5.0.jar:/Users/rohitkaushik/.m2/repository/org/carrot2/morfologik-stemming/2.1.9/morfologik-stemming-2.1.9.jar:/Users/rohitkaushik/.m2/repository/org/carrot2/morfologik-fsa/2.1.9/morfologik-fsa-2.1.9.jar:/Users/rohitkaushik/.m2/repository/org/carrot2/morfologik-polish/2.1.9/morfologik-polish-2.1.9.jar:/Users/rohitkaushik/.m2/repository/ua/net/nlp/morfologik-ukrainian-search/4.9.1/morfologik-ukrainian-search-4.9.1.jar:/Users/rohitkaushik/.m2/repository/org/apache/lucene/lucene-analysis-nori/9.5.0/lucene-analysis-nori-9.5.0.jar:/Users/rohitkaushik/.m2/repository/org/apache/lucene/lucene-analysis-opennlp/9.5.0/lucene-analysis-opennlp-9.5.0.jar:/Users/rohitkaushik/.m2/repository/org/apache/opennlp/opennlp-tools/1.9.1/opennlp-tools-1.9.1.jar:/Users/rohitkaushik/.m2/repository/org/apache/lucene/lucene-analysis-phonetic/9.5.0/lucene-analysis-phonetic-9.5.0.jar:/Users/rohitkaushik/.m2/repository/org/apache/lucene/lucene-analysis-smartcn/9.5.0/lucene-analysis-smartcn-9.5.0.jar:/Users/rohitkaushik/.m2/repository/org/apache/lucene/lucene-analysis-stempel/9.5.0/lucene-analysis-stempel-9.5.0.jar:/Users/rohitkaushik/.m2/repository/org/apache/lucene/lucene-suggest/9.5.0/lucene-suggest-9.5.0.jar:/Users/rohitkaushik/.m2/repository/org/apache/lucene/lucene-queryparser/9.5.0/lucene-queryparser-9.5.0.jar:/Users/rohitkaushik/.m2/repository/org/apache/lucene/lucene-sandbox/9.5.0/lucene-sandbox-9.5.0.jar:/Users/rohitkaushik/.m2/repository/junit/junit/3.8.1/junit-3.8.1.jar:/Users/rohitkaushik/.m2/repository/com/fasterxml/jackson/core/jackson-databind/2.15.0/jackson-databind-2.15.0.jar:/Users/rohitkaushik/.m2/repository/com/fasterxml/jackson/core/jackson-annotations/2.15.0/jackson-annotations-2.15.0.jar:/Users/rohitkaushik/.m2/repository/com/fasterxml/jackson/core/jackson-core/2.15.0/jackson-core-2.15.0.jar:/Users/rohitkaushik/.m2/repository/com/google/code/gson/gson/2.10.1/gson-2.10.1.jar:/Users/rohitkaushik/.m2/repository/org/apache/hadoop/hadoop-common/3.2.0/hadoop-common-3.2.0.jar:/Users/rohitkaushik/.m2/repository/org/apache/hadoop/hadoop-annotations/3.2.0/hadoop-annotations-3.2.0.jar:/Users/rohitkaushik/.m2/repository/com/google/guava/guava/11.0.2/guava-11.0.2.jar:/Users/rohitkaushik/.m2/repository/commons-cli/commons-cli/1.2/commons-cli-1.2.jar:/Users/rohitkaushik/.m2/repository/org/apache/commons/commons-math3/3.1.1/commons-math3-3.1.1.jar:/Users/rohitkaushik/.m2/repository/org/apache/httpcomponents/httpclient/4.5.2/httpclient-4.5.2.jar:/Users/rohitkaushik/.m2/repository/org/apache/httpcomponents/httpcore/4.4.4/httpcore-4.4.4.jar:/Users/rohitkaushik/.m2/repository/commons-codec/commons-codec/1.11/commons-codec-1.11.jar:/Users/rohitkaushik/.m2/repository/commons-io/commons-io/2.5/commons-io-2.5.jar:/Users/rohitkaushik/.m2/repository/commons-net/commons-net/3.6/commons-net-3.6.jar:/Users/rohitkaushik/.m2/repository/commons-collections/commons-collections/3.2.2/commons-collections-3.2.2.jar:/Users/rohitkaushik/.m2/repository/javax/servlet/javax.servlet-api/3.1.0/javax.servlet-api-3.1.0.jar:/Users/rohitkaushik/.m2/repository/org/eclipse/jetty/jetty-util/9.3.24.v20180605/jetty-util-9.3.24.v20180605.jar:/Users/rohitkaushik/.m2/repository/org/eclipse/jetty/jetty-servlet/9.3.24.v20180605/jetty-servlet-9.3.24.v20180605.jar:/Users/rohitkaushik/.m2/repository/org/eclipse/jetty/jetty-security/9.3.24.v20180605/jetty-security-9.3.24.v20180605.jar:/Users/rohitkaushik/.m2/repository/javax/servlet/jsp/jsp-api/2.1/jsp-api-2.1.jar:/Users/rohitkaushik/.m2/repository/com/sun/jersey/jersey-core/1.19/jersey-core-1.19.jar:/Users/rohitkaushik/.m2/repository/javax/ws/rs/jsr311-api/1.1.1/jsr311-api-1.1.1.jar:/Users/rohitkaushik/.m2/repository/com/sun/jersey/jersey-servlet/1.19/jersey-servlet-1.19.jar:/Users/rohitkaushik/.m2/repository/com/sun/jersey/jersey-json/1.19/jersey-json-1.19.jar:/Users/rohitkaushik/.m2/repository/org/codehaus/jettison/jettison/1.1/jettison-1.1.jar:/Users/rohitkaushik/.m2/repository/com/sun/xml/bind/jaxb-impl/2.2.3-1/jaxb-impl-2.2.3-1.jar:/Users/rohitkaushik/.m2/repository/javax/xml/bind/jaxb-api/2.2.2/jaxb-api-2.2.2.jar:/Users/rohitkaushik/.m2/repository/javax/xml/stream/stax-api/1.0-2/stax-api-1.0-2.jar:/Users/rohitkaushik/.m2/repository/javax/activation/activation/1.1/activation-1.1.jar:/Users/rohitkaushik/.m2/repository/org/codehaus/jackson/jackson-core-asl/1.9.2/jackson-core-asl-1.9.2.jar:/Users/rohitkaushik/.m2/repository/org/codehaus/jackson/jackson-mapper-asl/1.9.2/jackson-mapper-asl-1.9.2.jar:/Users/rohitkaushik/.m2/repository/org/codehaus/jackson/jackson-jaxrs/1.9.2/jackson-jaxrs-1.9.2.jar:/Users/rohitkaushik/.m2/repository/org/codehaus/jackson/jackson-xc/1.9.2/jackson-xc-1.9.2.jar:/Users/rohitkaushik/.m2/repository/com/sun/jersey/jersey-server/1.19/jersey-server-1.19.jar:/Users/rohitkaushik/.m2/repository/commons-logging/commons-logging/1.1.3/commons-logging-1.1.3.jar:/Users/rohitkaushik/.m2/repository/log4j/log4j/1.2.17/log4j-1.2.17.jar:/Users/rohitkaushik/.m2/repository/commons-beanutils/commons-beanutils/1.9.3/commons-beanutils-1.9.3.jar:/Users/rohitkaushik/.m2/repository/org/apache/commons/commons-configuration2/2.1.1/commons-configuration2-2.1.1.jar:/Users/rohitkaushik/.m2/repository/org/apache/commons/commons-lang3/3.7/commons-lang3-3.7.jar:/Users/rohitkaushik/.m2/repository/org/apache/commons/commons-text/1.4/commons-text-1.4.jar:/Users/rohitkaushik/.m2/repository/org/slf4j/slf4j-log4j12/1.7.25/slf4j-log4j12-1.7.25.jar:/Users/rohitkaushik/.m2/repository/org/apache/avro/avro/1.7.7/avro-1.7.7.jar:/Users/rohitkaushik/.m2/repository/com/thoughtworks/paranamer/paranamer/2.3/paranamer-2.3.jar:/Users/rohitkaushik/.m2/repository/com/google/re2j/re2j/1.1/re2j-1.1.jar:/Users/rohitkaushik/.m2/repository/com/google/protobuf/protobuf-java/2.5.0/protobuf-java-2.5.0.jar:/Users/rohitkaushik/.m2/repository/org/apache/hadoop/hadoop-auth/3.2.0/hadoop-auth-3.2.0.jar:/Users/rohitkaushik/.m2/repository/com/nimbusds/nimbus-jose-jwt/4.41.1/nimbus-jose-jwt-4.41.1.jar:/Users/rohitkaushik/.m2/repository/com/github/stephenc/jcip/jcip-annotations/1.0-1/jcip-annotations-1.0-1.jar:/Users/rohitkaushik/.m2/repository/net/minidev/json-smart/2.3/json-smart-2.3.jar:/Users/rohitkaushik/.m2/repository/net/minidev/accessors-smart/1.2/accessors-smart-1.2.jar:/Users/rohitkaushik/.m2/repository/org/apache/curator/curator-framework/2.12.0/curator-framework-2.12.0.jar:/Users/rohitkaushik/.m2/repository/com/jcraft/jsch/0.1.54/jsch-0.1.54.jar:/Users/rohitkaushik/.m2/repository/org/apache/curator/curator-client/2.12.0/curator-client-2.12.0.jar:/Users/rohitkaushik/.m2/repository/org/apache/curator/curator-recipes/2.12.0/curator-recipes-2.12.0.jar:/Users/rohitkaushik/.m2/repository/com/google/code/findbugs/jsr305/3.0.0/jsr305-3.0.0.jar:/Users/rohitkaushik/.m2/repository/org/apache/htrace/htrace-core4/4.1.0-incubating/htrace-core4-4.1.0-incubating.jar:/Users/rohitkaushik/.m2/repository/org/apache/zookeeper/zookeeper/3.4.13/zookeeper-3.4.13.jar:/Users/rohitkaushik/.m2/repository/jline/jline/0.9.94/jline-0.9.94.jar:/Users/rohitkaushik/.m2/repository/io/netty/netty/3.10.6.Final/netty-3.10.6.Final.jar:/Users/rohitkaushik/.m2/repository/org/apache/commons/commons-compress/1.4.1/commons-compress-1.4.1.jar:/Users/rohitkaushik/.m2/repository/org/tukaani/xz/1.0/xz-1.0.jar:/Users/rohitkaushik/.m2/repository/org/apache/kerby/kerb-simplekdc/1.0.1/kerb-simplekdc-1.0.1.jar:/Users/rohitkaushik/.m2/repository/org/apache/kerby/kerb-client/1.0.1/kerb-client-1.0.1.jar:/Users/rohitkaushik/.m2/repository/org/apache/kerby/kerby-config/1.0.1/kerby-config-1.0.1.jar:/Users/rohitkaushik/.m2/repository/org/apache/kerby/kerb-core/1.0.1/kerb-core-1.0.1.jar:/Users/rohitkaushik/.m2/repository/org/apache/kerby/kerby-pkix/1.0.1/kerby-pkix-1.0.1.jar:/Users/rohitkaushik/.m2/repository/org/apache/kerby/kerby-asn1/1.0.1/kerby-asn1-1.0.1.jar:/Users/rohitkaushik/.m2/repository/org/apache/kerby/kerby-util/1.0.1/kerby-util-1.0.1.jar:/Users/rohitkaushik/.m2/repository/org/apache/kerby/kerb-common/1.0.1/kerb-common-1.0.1.jar:/Users/rohitkaushik/.m2/repository/org/apache/kerby/kerb-crypto/1.0.1/kerb-crypto-1.0.1.jar:/Users/rohitkaushik/.m2/repository/org/apache/kerby/kerb-util/1.0.1/kerb-util-1.0.1.jar:/Users/rohitkaushik/.m2/repository/org/apache/kerby/token-provider/1.0.1/token-provider-1.0.1.jar:/Users/rohitkaushik/.m2/repository/org/apache/kerby/kerb-admin/1.0.1/kerb-admin-1.0.1.jar:/Users/rohitkaushik/.m2/repository/org/apache/kerby/kerb-server/1.0.1/kerb-server-1.0.1.jar:/Users/rohitkaushik/.m2/repository/org/apache/kerby/kerb-identity/1.0.1/kerb-identity-1.0.1.jar:/Users/rohitkaushik/.m2/repository/org/apache/kerby/kerby-xdr/1.0.1/kerby-xdr-1.0.1.jar:/Users/rohitkaushik/.m2/repository/org/codehaus/woodstox/stax2-api/3.1.4/stax2-api-3.1.4.jar:/Users/rohitkaushik/.m2/repository/com/fasterxml/woodstox/woodstox-core/5.0.3/woodstox-core-5.0.3.jar:/Users/rohitkaushik/.m2/repository/dnsjava/dnsjava/2.1.7/dnsjava-2.1.7.jar:"/>
    <property name="java.vm.vendor" value="Eclipse Adoptium"/>
    <property name="sun.arch.data.model" value="64"/>
    <property name="java.vendor.url" value="https://adoptium.net/"/>
    <property name="os.name" value="Mac OS X"/>
    <property name="java.vm.specification.version" value="17"/>
    <property name="sun.java.launcher" value="SUN_STANDARD"/>
    <property name="user.country" value="CA"/>
    <property name="sun.boot.library.path" value="/Library/Java/JavaVirtualMachines/temurin-17.jdk/Contents/Home/lib"/>
    <property name="sun.java.command" value="/Users/rohitkaushik/dev/tugraz/java-lucene-search-api/search-api/target/surefire/surefirebooter-20230707064659814_3.jar /Users/rohitkaushik/dev/tugraz/java-lucene-search-api/search-api/target/surefire 2023-07-07T06-46-59_774-jvmRun1 surefire-20230707064659814_1tmp surefire_0-20230707064659814_2tmp"/>
    <property name="http.nonProxyHosts" value="local|*.local|169.254/16|*.169.254/16"/>
    <property name="jdk.debug" value="release"/>
    <property name="surefire.test.class.path" value="/Users/rohitkaushik/dev/tugraz/java-lucene-search-api/search-api/target/test-classes:/Users/rohitkaushik/dev/tugraz/java-lucene-search-api/search-api/target/classes:/Users/rohitkaushik/.m2/repository/io/javalin/javalin/5.5.0/javalin-5.5.0.jar:/Users/rohitkaushik/.m2/repository/org/slf4j/slf4j-api/2.0.7/slf4j-api-2.0.7.jar:/Users/rohitkaushik/.m2/repository/org/eclipse/jetty/jetty-server/11.0.15/jetty-server-11.0.15.jar:/Users/rohitkaushik/.m2/repository/org/eclipse/jetty/toolchain/jetty-jakarta-servlet-api/5.0.2/jetty-jakarta-servlet-api-5.0.2.jar:/Users/rohitkaushik/.m2/repository/org/eclipse/jetty/jetty-http/11.0.15/jetty-http-11.0.15.jar:/Users/rohitkaushik/.m2/repository/org/eclipse/jetty/jetty-io/11.0.15/jetty-io-11.0.15.jar:/Users/rohitkaushik/.m2/repository/org/eclipse/jetty/jetty-webapp/11.0.15/jetty-webapp-11.0.15.jar:/Users/rohitkaushik/.m2/repository/org/eclipse/jetty/jetty-xml/11.0.15/jetty-xml-11.0.15.jar:/Users/rohitkaushik/.m2/repository/org/eclipse/jetty/websocket/websocket-jetty-server/11.0.15/websocket-jetty-server-11.0.15.jar:/Users/rohitkaushik/.m2/repository/org/eclipse/jetty/websocket/websocket-jetty-common/11.0.15/websocket-jetty-common-11.0.15.jar:/Users/rohitkaushik/.m2/repository/org/eclipse/jetty/websocket/websocket-core-common/11.0.15/websocket-core-common-11.0.15.jar:/Users/rohitkaushik/.m2/repository/org/eclipse/jetty/websocket/websocket-servlet/11.0.15/websocket-servlet-11.0.15.jar:/Users/rohitkaushik/.m2/repository/org/eclipse/jetty/websocket/websocket-core-server/11.0.15/websocket-core-server-11.0.15.jar:/Users/rohitkaushik/.m2/repository/org/eclipse/jetty/jetty-annotations/11.0.15/jetty-annotations-11.0.15.jar:/Users/rohitkaushik/.m2/repository/org/eclipse/jetty/jetty-plus/11.0.15/jetty-plus-11.0.15.jar:/Users/rohitkaushik/.m2/repository/jakarta/transaction/jakarta.transaction-api/2.0.0/jakarta.transaction-api-2.0.0.jar:/Users/rohitkaushik/.m2/repository/org/eclipse/jetty/jetty-jndi/11.0.15/jetty-jndi-11.0.15.jar:/Users/rohitkaushik/.m2/repository/jakarta/annotation/jakarta.annotation-api/2.1.1/jakarta.annotation-api-2.1.1.jar:/Users/rohitkaushik/.m2/repository/org/ow2/asm/asm/9.5/asm-9.5.jar:/Users/rohitkaushik/.m2/repository/org/ow2/asm/asm-commons/9.5/asm-commons-9.5.jar:/Users/rohitkaushik/.m2/repository/org/ow2/asm/asm-tree/9.5/asm-tree-9.5.jar:/Users/rohitkaushik/.m2/repository/org/eclipse/jetty/websocket/websocket-jetty-api/11.0.15/websocket-jetty-api-11.0.15.jar:/Users/rohitkaushik/.m2/repository/org/jetbrains/kotlin/kotlin-stdlib-jdk8/1.8.21/kotlin-stdlib-jdk8-1.8.21.jar:/Users/rohitkaushik/.m2/repository/org/jetbrains/kotlin/kotlin-stdlib/1.8.21/kotlin-stdlib-1.8.21.jar:/Users/rohitkaushik/.m2/repository/org/jetbrains/kotlin/kotlin-stdlib-common/1.8.21/kotlin-stdlib-common-1.8.21.jar:/Users/rohitkaushik/.m2/repository/org/jetbrains/annotations/13.0/annotations-13.0.jar:/Users/rohitkaushik/.m2/repository/org/jetbrains/kotlin/kotlin-stdlib-jdk7/1.8.21/kotlin-stdlib-jdk7-1.8.21.jar:/Users/rohitkaushik/.m2/repository/org/apache/parquet/parquet-hadoop/1.12.3/parquet-hadoop-1.12.3.jar:/Users/rohitkaushik/.m2/repository/org/apache/parquet/parquet-column/1.12.3/parquet-column-1.12.3.jar:/Users/rohitkaushik/.m2/repository/org/apache/parquet/parquet-encoding/1.12.3/parquet-encoding-1.12.3.jar:/Users/rohitkaushik/.m2/repository/org/apache/parquet/parquet-format-structures/1.12.3/parquet-format-structures-1.12.3.jar:/Users/rohitkaushik/.m2/repository/org/apache/parquet/parquet-common/1.12.3/parquet-common-1.12.3.jar:/Users/rohitkaushik/.m2/repository/org/apache/parquet/parquet-jackson/1.12.3/parquet-jackson-1.12.3.jar:/Users/rohitkaushik/.m2/repository/org/xerial/snappy/snappy-java/1.1.8.3/snappy-java-1.1.8.3.jar:/Users/rohitkaushik/.m2/repository/commons-pool/commons-pool/1.6/commons-pool-1.6.jar:/Users/rohitkaushik/.m2/repository/com/github/luben/zstd-jni/1.5.0-1/zstd-jni-1.5.0-1.jar:/Users/rohitkaushik/.m2/repository/org/apache/yetus/audience-annotations/0.13.0/audience-annotations-0.13.0.jar:/Users/rohitkaushik/.m2/repository/org/apache/lucene/lucene-core/9.5.0/lucene-core-9.5.0.jar:/Users/rohitkaushik/.m2/repository/org/apache/lucene/lucene-luke/9.5.0/lucene-luke-9.5.0.jar:/Users/rohitkaushik/.m2/repository/org/apache/lucene/lucene-codecs/9.5.0/lucene-codecs-9.5.0.jar:/Users/rohitkaushik/.m2/repository/org/apache/lucene/lucene-backward-codecs/9.5.0/lucene-backward-codecs-9.5.0.jar:/Users/rohitkaushik/.m2/repository/org/apache/lucene/lucene-analysis-common/9.5.0/lucene-analysis-common-9.5.0.jar:/Users/rohitkaushik/.m2/repository/org/apache/lucene/lucene-queries/9.5.0/lucene-queries-9.5.0.jar:/Users/rohitkaushik/.m2/repository/org/apache/lucene/lucene-misc/9.5.0/lucene-misc-9.5.0.jar:/Users/rohitkaushik/.m2/repository/org/apache/lucene/lucene-highlighter/9.5.0/lucene-highlighter-9.5.0.jar:/Users/rohitkaushik/.m2/repository/org/apache/lucene/lucene-memory/9.5.0/lucene-memory-9.5.0.jar:/Users/rohitkaushik/.m2/repository/org/apache/lucene/lucene-analysis-icu/9.5.0/lucene-analysis-icu-9.5.0.jar:/Users/rohitkaushik/.m2/repository/com/ibm/icu/icu4j/70.1/icu4j-70.1.jar:/Users/rohitkaushik/.m2/repository/org/apache/lucene/lucene-analysis-kuromoji/9.5.0/lucene-analysis-kuromoji-9.5.0.jar:/Users/rohitkaushik/.m2/repository/org/apache/lucene/lucene-analysis-morfologik/9.5.0/lucene-analysis-morfologik-9.5.0.jar:/Users/rohitkaushik/.m2/repository/org/carrot2/morfologik-stemming/2.1.9/morfologik-stemming-2.1.9.jar:/Users/rohitkaushik/.m2/repository/org/carrot2/morfologik-fsa/2.1.9/morfologik-fsa-2.1.9.jar:/Users/rohitkaushik/.m2/repository/org/carrot2/morfologik-polish/2.1.9/morfologik-polish-2.1.9.jar:/Users/rohitkaushik/.m2/repository/ua/net/nlp/morfologik-ukrainian-search/4.9.1/morfologik-ukrainian-search-4.9.1.jar:/Users/rohitkaushik/.m2/repository/org/apache/lucene/lucene-analysis-nori/9.5.0/lucene-analysis-nori-9.5.0.jar:/Users/rohitkaushik/.m2/repository/org/apache/lucene/lucene-analysis-opennlp/9.5.0/lucene-analysis-opennlp-9.5.0.jar:/Users/rohitkaushik/.m2/repository/org/apache/opennlp/opennlp-tools/1.9.1/opennlp-tools-1.9.1.jar:/Users/rohitkaushik/.m2/repository/org/apache/lucene/lucene-analysis-phonetic/9.5.0/lucene-analysis-phonetic-9.5.0.jar:/Users/rohitkaushik/.m2/repository/org/apache/lucene/lucene-analysis-smartcn/9.5.0/lucene-analysis-smartcn-9.5.0.jar:/Users/rohitkaushik/.m2/repository/org/apache/lucene/lucene-analysis-stempel/9.5.0/lucene-analysis-stempel-9.5.0.jar:/Users/rohitkaushik/.m2/repository/org/apache/lucene/lucene-suggest/9.5.0/lucene-suggest-9.5.0.jar:/Users/rohitkaushik/.m2/repository/org/apache/lucene/lucene-queryparser/9.5.0/lucene-queryparser-9.5.0.jar:/Users/rohitkaushik/.m2/repository/org/apache/lucene/lucene-sandbox/9.5.0/lucene-sandbox-9.5.0.jar:/Users/rohitkaushik/.m2/repository/junit/junit/3.8.1/junit-3.8.1.jar:/Users/rohitkaushik/.m2/repository/com/fasterxml/jackson/core/jackson-databind/2.15.0/jackson-databind-2.15.0.jar:/Users/rohitkaushik/.m2/repository/com/fasterxml/jackson/core/jackson-annotations/2.15.0/jackson-annotations-2.15.0.jar:/Users/rohitkaushik/.m2/repository/com/fasterxml/jackson/core/jackson-core/2.15.0/jackson-core-2.15.0.jar:/Users/rohitkaushik/.m2/repository/com/google/code/gson/gson/2.10.1/gson-2.10.1.jar:/Users/rohitkaushik/.m2/repository/org/apache/hadoop/hadoop-common/3.2.0/hadoop-common-3.2.0.jar:/Users/rohitkaushik/.m2/repository/org/apache/hadoop/hadoop-annotations/3.2.0/hadoop-annotations-3.2.0.jar:/Users/rohitkaushik/.m2/repository/com/google/guava/guava/11.0.2/guava-11.0.2.jar:/Users/rohitkaushik/.m2/repository/commons-cli/commons-cli/1.2/commons-cli-1.2.jar:/Users/rohitkaushik/.m2/repository/org/apache/commons/commons-math3/3.1.1/commons-math3-3.1.1.jar:/Users/rohitkaushik/.m2/repository/org/apache/httpcomponents/httpclient/4.5.2/httpclient-4.5.2.jar:/Users/rohitkaushik/.m2/repository/org/apache/httpcomponents/httpcore/4.4.4/httpcore-4.4.4.jar:/Users/rohitkaushik/.m2/repository/commons-codec/commons-codec/1.11/commons-codec-1.11.jar:/Users/rohitkaushik/.m2/repository/commons-io/commons-io/2.5/commons-io-2.5.jar:/Users/rohitkaushik/.m2/repository/commons-net/commons-net/3.6/commons-net-3.6.jar:/Users/rohitkaushik/.m2/repository/commons-collections/commons-collections/3.2.2/commons-collections-3.2.2.jar:/Users/rohitkaushik/.m2/repository/javax/servlet/javax.servlet-api/3.1.0/javax.servlet-api-3.1.0.jar:/Users/rohitkaushik/.m2/repository/org/eclipse/jetty/jetty-util/9.3.24.v20180605/jetty-util-9.3.24.v20180605.jar:/Users/rohitkaushik/.m2/repository/org/eclipse/jetty/jetty-servlet/9.3.24.v20180605/jetty-servlet-9.3.24.v20180605.jar:/Users/rohitkaushik/.m2/repository/org/eclipse/jetty/jetty-security/9.3.24.v20180605/jetty-security-9.3.24.v20180605.jar:/Users/rohitkaushik/.m2/repository/javax/servlet/jsp/jsp-api/2.1/jsp-api-2.1.jar:/Users/rohitkaushik/.m2/repository/com/sun/jersey/jersey-core/1.19/jersey-core-1.19.jar:/Users/rohitkaushik/.m2/repository/javax/ws/rs/jsr311-api/1.1.1/jsr311-api-1.1.1.jar:/Users/rohitkaushik/.m2/repository/com/sun/jersey/jersey-servlet/1.19/jersey-servlet-1.19.jar:/Users/rohitkaushik/.m2/repository/com/sun/jersey/jersey-json/1.19/jersey-json-1.19.jar:/Users/rohitkaushik/.m2/repository/org/codehaus/jettison/jettison/1.1/jettison-1.1.jar:/Users/rohitkaushik/.m2/repository/com/sun/xml/bind/jaxb-impl/2.2.3-1/jaxb-impl-2.2.3-1.jar:/Users/rohitkaushik/.m2/repository/javax/xml/bind/jaxb-api/2.2.2/jaxb-api-2.2.2.jar:/Users/rohitkaushik/.m2/repository/javax/xml/stream/stax-api/1.0-2/stax-api-1.0-2.jar:/Users/rohitkaushik/.m2/repository/javax/activation/activation/1.1/activation-1.1.jar:/Users/rohitkaushik/.m2/repository/org/codehaus/jackson/jackson-core-asl/1.9.2/jackson-core-asl-1.9.2.jar:/Users/rohitkaushik/.m2/repository/org/codehaus/jackson/jackson-mapper-asl/1.9.2/jackson-mapper-asl-1.9.2.jar:/Users/rohitkaushik/.m2/repository/org/codehaus/jackson/jackson-jaxrs/1.9.2/jackson-jaxrs-1.9.2.jar:/Users/rohitkaushik/.m2/repository/org/codehaus/jackson/jackson-xc/1.9.2/jackson-xc-1.9.2.jar:/Users/rohitkaushik/.m2/repository/com/sun/jersey/jersey-server/1.19/jersey-server-1.19.jar:/Users/rohitkaushik/.m2/repository/commons-logging/commons-logging/1.1.3/commons-logging-1.1.3.jar:/Users/rohitkaushik/.m2/repository/log4j/log4j/1.2.17/log4j-1.2.17.jar:/Users/rohitkaushik/.m2/repository/commons-beanutils/commons-beanutils/1.9.3/commons-beanutils-1.9.3.jar:/Users/rohitkaushik/.m2/repository/org/apache/commons/commons-configuration2/2.1.1/commons-configuration2-2.1.1.jar:/Users/rohitkaushik/.m2/repository/org/apache/commons/commons-lang3/3.7/commons-lang3-3.7.jar:/Users/rohitkaushik/.m2/repository/org/apache/commons/commons-text/1.4/commons-text-1.4.jar:/Users/rohitkaushik/.m2/repository/org/slf4j/slf4j-log4j12/1.7.25/slf4j-log4j12-1.7.25.jar:/Users/rohitkaushik/.m2/repository/org/apache/avro/avro/1.7.7/avro-1.7.7.jar:/Users/rohitkaushik/.m2/repository/com/thoughtworks/paranamer/paranamer/2.3/paranamer-2.3.jar:/Users/rohitkaushik/.m2/repository/com/google/re2j/re2j/1.1/re2j-1.1.jar:/Users/rohitkaushik/.m2/repository/com/google/protobuf/protobuf-java/2.5.0/protobuf-java-2.5.0.jar:/Users/rohitkaushik/.m2/repository/org/apache/hadoop/hadoop-auth/3.2.0/hadoop-auth-3.2.0.jar:/Users/rohitkaushik/.m2/repository/com/nimbusds/nimbus-jose-jwt/4.41.1/nimbus-jose-jwt-4.41.1.jar:/Users/rohitkaushik/.m2/repository/com/github/stephenc/jcip/jcip-annotations/1.0-1/jcip-annotations-1.0-1.jar:/Users/rohitkaushik/.m2/repository/net/minidev/json-smart/2.3/json-smart-2.3.jar:/Users/rohitkaushik/.m2/repository/net/minidev/accessors-smart/1.2/accessors-smart-1.2.jar:/Users/rohitkaushik/.m2/repository/org/apache/curator/curator-framework/2.12.0/curator-framework-2.12.0.jar:/Users/rohitkaushik/.m2/repository/com/jcraft/jsch/0.1.54/jsch-0.1.54.jar:/Users/rohitkaushik/.m2/repository/org/apache/curator/curator-client/2.12.0/curator-client-2.12.0.jar:/Users/rohitkaushik/.m2/repository/org/apache/curator/curator-recipes/2.12.0/curator-recipes-2.12.0.jar:/Users/rohitkaushik/.m2/repository/com/google/code/findbugs/jsr305/3.0.0/jsr305-3.0.0.jar:/Users/rohitkaushik/.m2/repository/org/apache/htrace/htrace-core4/4.1.0-incubating/htrace-core4-4.1.0-incubating.jar:/Users/rohitkaushik/.m2/repository/org/apache/zookeeper/zookeeper/3.4.13/zookeeper-3.4.13.jar:/Users/rohitkaushik/.m2/repository/jline/jline/0.9.94/jline-0.9.94.jar:/Users/rohitkaushik/.m2/repository/io/netty/netty/3.10.6.Final/netty-3.10.6.Final.jar:/Users/rohitkaushik/.m2/repository/org/apache/commons/commons-compress/1.4.1/commons-compress-1.4.1.jar:/Users/rohitkaushik/.m2/repository/org/tukaani/xz/1.0/xz-1.0.jar:/Users/rohitkaushik/.m2/repository/org/apache/kerby/kerb-simplekdc/1.0.1/kerb-simplekdc-1.0.1.jar:/Users/rohitkaushik/.m2/repository/org/apache/kerby/kerb-client/1.0.1/kerb-client-1.0.1.jar:/Users/rohitkaushik/.m2/repository/org/apache/kerby/kerby-config/1.0.1/kerby-config-1.0.1.jar:/Users/rohitkaushik/.m2/repository/org/apache/kerby/kerb-core/1.0.1/kerb-core-1.0.1.jar:/Users/rohitkaushik/.m2/repository/org/apache/kerby/kerby-pkix/1.0.1/kerby-pkix-1.0.1.jar:/Users/rohitkaushik/.m2/repository/org/apache/kerby/kerby-asn1/1.0.1/kerby-asn1-1.0.1.jar:/Users/rohitkaushik/.m2/repository/org/apache/kerby/kerby-util/1.0.1/kerby-util-1.0.1.jar:/Users/rohitkaushik/.m2/repository/org/apache/kerby/kerb-common/1.0.1/kerb-common-1.0.1.jar:/Users/rohitkaushik/.m2/repository/org/apache/kerby/kerb-crypto/1.0.1/kerb-crypto-1.0.1.jar:/Users/rohitkaushik/.m2/repository/org/apache/kerby/kerb-util/1.0.1/kerb-util-1.0.1.jar:/Users/rohitkaushik/.m2/repository/org/apache/kerby/token-provider/1.0.1/token-provider-1.0.1.jar:/Users/rohitkaushik/.m2/repository/org/apache/kerby/kerb-admin/1.0.1/kerb-admin-1.0.1.jar:/Users/rohitkaushik/.m2/repository/org/apache/kerby/kerb-server/1.0.1/kerb-server-1.0.1.jar:/Users/rohitkaushik/.m2/repository/org/apache/kerby/kerb-identity/1.0.1/kerb-identity-1.0.1.jar:/Users/rohitkaushik/.m2/repository/org/apache/kerby/kerby-xdr/1.0.1/kerby-xdr-1.0.1.jar:/Users/rohitkaushik/.m2/repository/org/codehaus/woodstox/stax2-api/3.1.4/stax2-api-3.1.4.jar:/Users/rohitkaushik/.m2/repository/com/fasterxml/woodstox/woodstox-core/5.0.3/woodstox-core-5.0.3.jar:/Users/rohitkaushik/.m2/repository/dnsjava/dnsjava/2.1.7/dnsjava-2.1.7.jar:"/>
    <property name="sun.cpu.endian" value="little"/>
    <property name="user.home" value="/Users/rohitkaushik"/>
    <property name="user.language" value="en"/>
    <property name="java.specification.vendor" value="Oracle Corporation"/>
    <property name="java.version.date" value="2023-04-18"/>
    <property name="java.home" value="/Library/Java/JavaVirtualMachines/temurin-17.jdk/Contents/Home"/>
    <property name="file.separator" value="/"/>
    <property name="basedir" value="/Users/rohitkaushik/dev/tugraz/java-lucene-search-api/search-api"/>
    <property name="java.vm.compressedOopsMode" value="Zero based"/>
    <property name="line.separator" value="&#10;"/>
    <property name="java.specification.name" value="Java Platform API Specification"/>
    <property name="java.vm.specification.vendor" value="Oracle Corporation"/>
    <property name="surefire.real.class.path" value="/Users/rohitkaushik/dev/tugraz/java-lucene-search-api/search-api/target/surefire/surefirebooter-20230707064659814_3.jar"/>
    <property name="sun.management.compiler" value="HotSpot 64-Bit Tiered Compilers"/>
    <property name="ftp.nonProxyHosts" value="local|*.local|169.254/16|*.169.254/16"/>
    <property name="java.runtime.version" value="17.0.7+7"/>
    <property name="user.name" value="rohitkaushik"/>
    <property name="path.separator" value=":"/>
    <property name="os.version" value="13.3.1"/>
    <property name="java.runtime.name" value="OpenJDK Runtime Environment"/>
    <property name="file.encoding" value="UTF-8"/>
    <property name="java.vm.name" value="OpenJDK 64-Bit Server VM"/>
    <property name="java.vendor.version" value="Temurin-17.0.7+7"/>
    <property name="localRepository" value="/Users/rohitkaushik/.m2/repository"/>
    <property name="java.vendor.url.bug" value="https://github.com/adoptium/adoptium-support/issues"/>
    <property name="java.io.tmpdir" value="/var/folders/sh/qwv5kf0937z2xn6t5z3v5mz80000gn/T/"/>
    <property name="java.version" value="17.0.7"/>
    <property name="user.dir" value="/Users/rohitkaushik/dev/tugraz/java-lucene-search-api/search-api"/>
    <property name="os.arch" value="aarch64"/>
    <property name="java.vm.specification.name" value="Java Virtual Machine Specification"/>
    <property name="native.encoding" value="UTF-8"/>
    <property name="java.library.path" value="/Users/rohitkaushik/Library/Java/Extensions:/Library/Java/Extensions:/Network/Library/Java/Extensions:/System/Library/Java/Extensions:/usr/lib/java:."/>
    <property name="java.vm.info" value="mixed mode"/>
    <property name="java.vendor" value="Eclipse Adoptium"/>
    <property name="java.vm.version" value="17.0.7+7"/>
    <property name="sun.io.unicode.encoding" value="UnicodeBig"/>
    <property name="socksNonProxyHosts" value="local|*.local|169.254/16|*.169.254/16"/>
    <property name="java.class.version" value="61.0"/>
  </properties>
  <testcase name="testApp" classname="com.example.AppTest" time="0.001"/>
</testsuite>